<?xml version="1.0" encoding="UTF-8"?>
<!-- Generated by org.testng.reporters.JUnitXMLReporter -->
<testsuite hostname="SRIKANTHGUNDAM" ignored="1" name="Default test" tests="1" failures="0" timestamp="27 Jul 2017 21:32:02 GMT" time="16.654" errors="0">
  <testcase name="numberOfRowsExceedsTest" time="0.067" classname="com.test.sqs.ExceptionsTest"/>
  <testcase name="imageExceptionTest" time="0.0" classname="com.test.sqs.ExceptionsTest">
    <ignored/>
  </testcase> <!-- imageExceptionTest -->
</testsuite> <!-- Default test -->
