<?xml version="1.0" encoding="UTF-8"?>
<!-- Generated by org.testng.reporters.JUnitXMLReporter -->
<testsuite hostname="SRIKANTHGUNDAM" ignored="1" name="Default test" tests="1" failures="0" timestamp="23 Jul 2017 18:23:51 GMT" time="22.486" errors="0">
  <testcase name="verify_edit_click" time="2.27" classname="com.test.sqs.EditDeleteTest"/>
  <testcase name="verify_Delete_click" time="0.0" classname="com.test.sqs.EditDeleteTest">
    <ignored/>
  </testcase> <!-- verify_Delete_click -->
</testsuite> <!-- Default test -->
