<?xml version="1.0" encoding="UTF-8"?>
<testng-results skipped="0" failed="0" ignored="1" total="2" passed="1">
  <reporter-output>
  </reporter-output>
  <suite name="Default suite" duration-ms="22486" started-at="2017-07-23T18:23:28Z" finished-at="2017-07-23T18:23:51Z">
    <groups>
    </groups>
    <test name="Default test" duration-ms="22486" started-at="2017-07-23T18:23:28Z" finished-at="2017-07-23T18:23:51Z">
      <class name="com.test.sqs.EditDeleteTest">
        <test-method status="PASS" signature="testSetUp()[pri:0, instance:com.test.sqs.EditDeleteTest@4883b407]" name="testSetUp" is-config="true" duration-ms="15178" started-at="2017-07-23T19:23:28Z" finished-at="2017-07-23T19:23:44Z">
          <reporter-output>
          </reporter-output>
        </test-method> <!-- testSetUp -->
        <test-method status="PASS" signature="setUp()[pri:0, instance:com.test.sqs.EditDeleteTest@4883b407]" name="setUp" is-config="true" duration-ms="4715" started-at="2017-07-23T19:23:44Z" finished-at="2017-07-23T19:23:48Z">
          <reporter-output>
          </reporter-output>
        </test-method> <!-- setUp -->
        <test-method status="PASS" signature="verify_edit_click()[pri:0, instance:com.test.sqs.EditDeleteTest@4883b407]" name="verify_edit_click" duration-ms="2270" started-at="2017-07-23T19:23:48Z" finished-at="2017-07-23T19:23:51Z">
          <reporter-output>
          </reporter-output>
        </test-method> <!-- verify_edit_click -->
        <test-method status="PASS" signature="tearDown()[pri:0, instance:com.test.sqs.EditDeleteTest@4883b407]" name="tearDown" is-config="true" duration-ms="265" started-at="2017-07-23T19:23:51Z" finished-at="2017-07-23T19:23:51Z">
          <reporter-output>
          </reporter-output>
        </test-method> <!-- tearDown -->
      </class> <!-- com.test.sqs.EditDeleteTest -->
    </test> <!-- Default test -->
  </suite> <!-- Default suite -->
</testng-results>
